<?xml version="1.0" encoding="UTF-8"?>
<!-- Generated by org.testng.reporters.JUnitReportReporter -->
<testsuite hostname="DELL" failures="0" tests="1" name="Samsung.GalaxyS10.windowsTest" time="45.625" errors="0" timestamp="2021-08-30T18:06:05 IST" skipped="0">
  <testcase classname="Samsung.GalaxyS10.windowsTest" name="performWindows" time="45.625"/>
  <system-out/>
</testsuite> <!-- Samsung.GalaxyS10.windowsTest -->
