<?xml version="1.0" encoding="UTF-8"?>
<!-- Generated by org.testng.reporters.JUnitReportReporter -->
<testsuite hostname="DELL" failures="0" tests="1" name="Samsung.GalaxyS10.xBoxTest" time="27.509" errors="0" timestamp="2021-08-30T18:10:16 IST" skipped="0">
  <testcase classname="Samsung.GalaxyS10.xBoxTest" name="performOffice" time="27.509"/>
  <system-out/>
</testsuite> <!-- Samsung.GalaxyS10.xBoxTest -->
